<?xml version="1.0" encoding="UTF-8"?>
<!-- Generated by org.testng.reporters.JUnitReportReporter -->
<testsuite hostname="DESKTOP-0OPVKIC" failures="0" tests="1" name="com.userstories.pratesting.testNGscripts.UserStoryTestNGTRunnerClass" time="153.475" errors="0" timestamp="2021-05-31T16:23:01 IST" skipped="0">
  <testcase classname="com.userstories.pratesting.testNGscripts.UserStoryTestNGTRunnerClass" name="Test" time="153.475"/>
</testsuite> <!-- com.userstories.pratesting.testNGscripts.UserStoryTestNGTRunnerClass -->
